<?xml version="1.0" encoding="UTF-8"?>
<!-- Generated by org.testng.reporters.JUnitReportReporter -->
<testsuite hostname="DESKTOP-J4P07RR" failures="0" tests="2" name="TestNG222.TestCaseForLogin" time="0.021" errors="0" timestamp="2022-05-12T12:24:37 IST" skipped="0">
  <testcase classname="TestNG222.TestCaseForLogin" name="checkOne" time="0.019"/>
  <system-out/>
  <testcase classname="TestNG222.TestCaseForLogin" name="checkTwo" time="0.002"/>
  <system-out/>
</testsuite> <!-- TestNG222.TestCaseForLogin -->
